-------------------------------------------------------------------------------
Test set: at.werkstatt.crm.gen.AuftragControllerGeneratedTest
-------------------------------------------------------------------------------
Tests run: 22, Failures: 1, Errors: 2, Skipped: 0, Time elapsed: 1.525 s <<< FAILURE! -- in at.werkstatt.crm.gen.AuftragControllerGeneratedTest
at.werkstatt.crm.gen.AuftragControllerGeneratedTest.listeMitStatusFilter -- Time elapsed: 0.055 s <<< FAILURE!
org.opentest4j.AssertionFailedError: 

expected: "IN_ARBEIT"
 but was: "ANGENOMMEN"
	at at.werkstatt.crm.gen.AuftragControllerGeneratedTest.listeMitStatusFilter(AuftragControllerGeneratedTest.java:65)
	at java.base/java.lang.reflect.Method.invoke(Method.java:565)
	at java.base/java.util.ArrayList.forEach(ArrayList.java:1612)
	at java.base/java.util.ArrayList.forEach(ArrayList.java:1612)

at.werkstatt.crm.gen.AuftragControllerGeneratedTest.positionWithNullIdInPosition -- Time elapsed: 0.018 s <<< ERROR!
org.mockito.exceptions.misusing.InvalidUseOfMatchersException: 

Invalid use of argument matchers!
2 matchers expected, 1 recorded:
-> at at.werkstatt.crm.gen.AuftragControllerGeneratedTest.positionWithNullIdInPosition(AuftragControllerGeneratedTest.java:329)

This exception may occur if matchers are combined with raw values:
    //incorrect:
    someMethod(any(), "raw String");
When using matchers, all arguments have to be provided by matchers.
For example:
    //correct:
    someMethod(any(), eq("String by matcher"));

For more info see javadoc for Matchers class.

	at at.werkstatt.crm.service.WerkstattService.neuePosition(WerkstattService.java:396)
	at at.werkstatt.crm.gen.AuftragControllerGeneratedTest.positionWithNullIdInPosition(AuftragControllerGeneratedTest.java:329)
	at java.base/java.lang.reflect.Method.invoke(Method.java:565)
	at java.base/java.util.ArrayList.forEach(ArrayList.java:1612)
	at java.base/java.util.ArrayList.forEach(ArrayList.java:1612)

at.werkstatt.crm.gen.AuftragControllerGeneratedTest.positionWithNullPosition -- Time elapsed: 0.003 s <<< ERROR!
org.mockito.exceptions.misusing.InvalidUseOfMatchersException: 

Invalid use of argument matchers!
2 matchers expected, 1 recorded:
-> at at.werkstatt.crm.gen.AuftragControllerGeneratedTest.positionWithNullPosition(AuftragControllerGeneratedTest.java:282)

This exception may occur if matchers are combined with raw values:
    //incorrect:
    someMethod(any(), "raw String");
When using matchers, all arguments have to be provided by matchers.
For example:
    //correct:
    someMethod(any(), eq("String by matcher"));

For more info see javadoc for Matchers class.

	at at.werkstatt.crm.service.WerkstattService.neuePosition(WerkstattService.java:396)
	at at.werkstatt.crm.gen.AuftragControllerGeneratedTest.positionWithNullPosition(AuftragControllerGeneratedTest.java:282)
	at java.base/java.lang.reflect.Method.invoke(Method.java:565)
	at java.base/java.util.ArrayList.forEach(ArrayList.java:1612)
	at java.base/java.util.ArrayList.forEach(ArrayList.java:1612)

