<?xml version="1.0" encoding="UTF-8"?>
<testsuite xmlns:xsi="http://www.w3.org/2001/XMLSchema-instance" xsi:noNamespaceSchemaLocation="https://maven.apache.org/surefire/maven-surefire-plugin/xsd/surefire-test-report.xsd" version="3.0.2" name="at.werkstatt.crm.gen.AuftragControllerGeneratedTest" time="1.525" tests="22" errors="2" skipped="0" failures="1" flakes="0">
  <properties>
[...]
</properties>
  <testcase name="positionLoeschenException" classname="at.werkstatt.crm.gen.AuftragControllerGeneratedTest" time="1.285"/>
  <testcase name="positionLoeschenWithZeroId" classname="at.werkstatt.crm.gen.AuftragControllerGeneratedTest" time="0.012"/>
  <testcase name="positionException" classname="at.werkstatt.crm.gen.AuftragControllerGeneratedTest" time="0.008"/>
  <testcase name="einzelnWithNegativeId" classname="at.werkstatt.crm.gen.AuftragControllerGeneratedTest" time="0.009"/>
  <testcase name="einzelnFound" classname="at.werkstatt.crm.gen.AuftragControllerGeneratedTest" time="0.012"/>
  <testcase name="positionLoeschenWithNegativeId" classname="at.werkstatt.crm.gen.AuftragControllerGeneratedTest" time="0.006"/>
  <testcase name="anlegenWithNullIdInAuftrag" classname="at.werkstatt.crm.gen.AuftragControllerGeneratedTest" time="0.007"/>
  <testcase name="anlegenWithNullAuftrag" classname="at.werkstatt.crm.gen.AuftragControllerGeneratedTest" time="0.004"/>
  <testcase name="anlegenException" classname="at.werkstatt.crm.gen.AuftragControllerGeneratedTest" time="0.007"/>
  <testcase name="positionSuccess" classname="at.werkstatt.crm.gen.AuftragControllerGeneratedTest" time="0.005"/>
  <testcase name="statusWithEmptyNeuerStatus" classname="at.werkstatt.crm.gen.AuftragControllerGeneratedTest" time="0.004"/>
  <testcase name="listeMitStatusFilter" classname="at.werkstatt.crm.gen.AuftragControllerGeneratedTest" time="0.055">
    <failure message="&#10;expected: &quot;IN_ARBEIT&quot;&#10; but was: &quot;ANGENOMMEN&quot;" type="org.opentest4j.AssertionFailedError"><![CDATA[org.opentest4j.AssertionFailedError: 

expected: "IN_ARBEIT"
 but was: "ANGENOMMEN"
	at at.werkstatt.crm.gen.AuftragControllerGeneratedTest.listeMitStatusFilter(AuftragControllerGeneratedTest.java:65)
	at java.base/java.lang.reflect.Method.invoke(Method.java:565)
	at java.base/java.util.ArrayList.forEach(ArrayList.java:1612)
	at java.base/java.util.ArrayList.forEach(ArrayList.java:1612)
]]></failure>
  </testcase>
  <testcase name="statusSuccess" classname="at.werkstatt.crm.gen.AuftragControllerGeneratedTest" time="0.004"/>
  <testcase name="einzelnNotFound" classname="at.werkstatt.crm.gen.AuftragControllerGeneratedTest" time="0.005"/>
  <testcase name="positionWithNullIdInPosition" classname="at.werkstatt.crm.gen.AuftragControllerGeneratedTest" time="0.018">
    <error message="&#10;Invalid use of argument matchers!&#10;2 matchers expected, 1 recorded:&#10;-&gt; at at.werkstatt.crm.gen.AuftragControllerGeneratedTest.positionWithNullIdInPosition(AuftragControllerGeneratedTest.java:329)&#10;&#10;This exception may occur if matchers are combined with raw values:&#10;    //incorrect:&#10;    someMethod(any(), &quot;raw String&quot;);&#10;When using matchers, all arguments have to be provided by matchers.&#10;For example:&#10;    //correct:&#10;    someMethod(any(), eq(&quot;String by matcher&quot;));&#10;&#10;For more info see javadoc for Matchers class.&#10;" type="org.mockito.exceptions.misusing.InvalidUseOfMatchersException"><![CDATA[org.mockito.exceptions.misusing.InvalidUseOfMatchersException: 

Invalid use of argument matchers!
2 matchers expected, 1 recorded:
-> at at.werkstatt.crm.gen.AuftragControllerGeneratedTest.positionWithNullIdInPosition(AuftragControllerGeneratedTest.java:329)

This exception may occur if matchers are combined with raw values:
    //incorrect:
    someMethod(any(), "raw String");
When using matchers, all arguments have to be provided by matchers.
For example:
    //correct:
    someMethod(any(), eq("String by matcher"));

For more info see javadoc for Matchers class.

	at at.werkstatt.crm.service.WerkstattService.neuePosition(WerkstattService.java:396)
	at at.werkstatt.crm.gen.AuftragControllerGeneratedTest.positionWithNullIdInPosition(AuftragControllerGeneratedTest.java:329)
	at java.base/java.lang.reflect.Method.invoke(Method.java:565)
	at java.base/java.util.ArrayList.forEach(ArrayList.java:1612)
	at java.base/java.util.ArrayList.forEach(ArrayList.java:1612)
]]></error>
  </testcase>
  <testcase name="statusException" classname="at.werkstatt.crm.gen.AuftragControllerGeneratedTest" time="0.004"/>
  <testcase name="positionWithNullPosition" classname="at.werkstatt.crm.gen.AuftragControllerGeneratedTest" time="0.003">
    <error message="&#10;Invalid use of argument matchers!&#10;2 matchers expected, 1 recorded:&#10;-&gt; at at.werkstatt.crm.gen.AuftragControllerGeneratedTest.positionWithNullPosition(AuftragControllerGeneratedTest.java:282)&#10;&#10;This exception may occur if matchers are combined with raw values:&#10;    //incorrect:&#10;    someMethod(any(), &quot;raw String&quot;);&#10;When using matchers, all arguments have to be provided by matchers.&#10;For example:&#10;    //correct:&#10;    someMethod(any(), eq(&quot;String by matcher&quot;));&#10;&#10;For more info see javadoc for Matchers class.&#10;" type="org.mockito.exceptions.misusing.InvalidUseOfMatchersException"><![CDATA[org.mockito.exceptions.misusing.InvalidUseOfMatchersException: 

Invalid use of argument matchers!
2 matchers expected, 1 recorded:
-> at at.werkstatt.crm.gen.AuftragControllerGeneratedTest.positionWithNullPosition(AuftragControllerGeneratedTest.java:282)

This exception may occur if matchers are combined with raw values:
    //incorrect:
    someMethod(any(), "raw String");
When using matchers, all arguments have to be provided by matchers.
For example:
    //correct:
    someMethod(any(), eq("String by matcher"));

For more info see javadoc for Matchers class.

	at at.werkstatt.crm.service.WerkstattService.neuePosition(WerkstattService.java:396)
	at at.werkstatt.crm.gen.AuftragControllerGeneratedTest.positionWithNullPosition(AuftragControllerGeneratedTest.java:282)
	at java.base/java.lang.reflect.Method.invoke(Method.java:565)
	at java.base/java.util.ArrayList.forEach(ArrayList.java:1612)
	at java.base/java.util.ArrayList.forEach(ArrayList.java:1612)
]]></error>
  </testcase>
  <testcase name="listeMitLeeremStatus" classname="at.werkstatt.crm.gen.AuftragControllerGeneratedTest" time="0.003"/>
  <testcase name="positionLoeschenSuccess" classname="at.werkstatt.crm.gen.AuftragControllerGeneratedTest" time="0.004"/>
  <testcase name="statusWithNullNeuerStatus" classname="at.werkstatt.crm.gen.AuftragControllerGeneratedTest" time="0.004"/>
  <testcase name="listeOhneStatusFilter" classname="at.werkstatt.crm.gen.AuftragControllerGeneratedTest" time="0.004"/>
  <testcase name="anlegenSuccess" classname="at.werkstatt.crm.gen.AuftragControllerGeneratedTest" time="0.004"/>
</testsuite>